<?xml version="1.0" encoding="UTF-8"?>
<testng-results ignored="0" total="1" passed="1" failed="0" skipped="0">
  <reporter-output>
  </reporter-output>
  <suite started-at="2022-12-22T16:00:30 IST" name="Suite" finished-at="2022-12-22T16:00:49 IST" duration-ms="18639">
    <groups>
    </groups>
    <test started-at="2022-12-22T16:00:30 IST" name="Test" finished-at="2022-12-22T16:00:49 IST" duration-ms="18639">
      <class name="com.framework.test.test">
        <test-method signature="testOne()[pri:0, instance:com.framework.test.test@49912c99]" started-at="2022-12-22T16:00:30 IST" name="testOne" finished-at="2022-12-22T16:00:49 IST" duration-ms="18595" status="PASS">
          <reporter-output>
          </reporter-output>
        </test-method> <!-- testOne -->
      </class> <!-- com.framework.test.test -->
    </test> <!-- Test -->
  </suite> <!-- Suite -->
</testng-results>
